<?xml version="1.0" encoding="UTF-8"?>
<testsuite name="com.shop.service.MemberServiceTest" tests="2" skipped="0" failures="0" errors="0" timestamp="2024-03-24T11:26:20" hostname="DESKTOP-JFHCRMK" time="1.323">
  <properties/>
  <testcase name="회원가입 테스트" classname="com.shop.service.MemberServiceTest" time="1.105"/>
  <testcase name="중복 회원 가입 테스트" classname="com.shop.service.MemberServiceTest" time="0.216"/>
  <system-out><![CDATA[20:26:11.844 [Test worker] INFO org.springframework.test.context.support.AnnotationConfigContextLoaderUtils -- Could not detect default configuration classes for test class [com.shop.service.MemberServiceTest]: MemberServiceTest does not declare any static, non-private, non-final, nested classes annotated with @Configuration.
20:26:12.008 [Test worker] INFO org.springframework.boot.test.context.SpringBootTestContextBootstrapper -- Found @SpringBootConfiguration com.shop.ShopApplication for test class com.shop.service.MemberServiceTest

  .   ____          _            __ _ _
 /\\ / ___'_ __ _ _(_)_ __  __ _ \ \ \ \
( ( )\___ | '_ | '_| | '_ \/ _` | \ \ \ \
 \\/  ___)| |_)| | | | | || (_| |  ) ) ) )
  '  |____| .__|_| |_|_| |_\__, | / / / /
 =========|_|==============|___/=/_/_/_/
 :: Spring Boot ::                (v3.1.5)

2024-03-24T20:26:12.618+09:00  INFO 2864 --- [    Test worker] com.shop.service.MemberServiceTest       : Starting MemberServiceTest using Java 17.0.9 with PID 2864 (started by qdewsa in C:\Users\qdewsa\Desktop\springBoot\shop)
2024-03-24T20:26:12.620+09:00  INFO 2864 --- [    Test worker] com.shop.service.MemberServiceTest       : No active profile set, falling back to 1 default profile: "default"
2024-03-24T20:26:13.745+09:00  INFO 2864 --- [    Test worker] .s.d.r.c.RepositoryConfigurationDelegate : Multiple Spring Data modules found, entering strict repository configuration mode
2024-03-24T20:26:13.749+09:00  INFO 2864 --- [    Test worker] .s.d.r.c.RepositoryConfigurationDelegate : Bootstrapping Spring Data JDBC repositories in DEFAULT mode.
2024-03-24T20:26:13.796+09:00  INFO 2864 --- [    Test worker] .RepositoryConfigurationExtensionSupport : Spring Data JDBC - Could not safely identify store assignment for repository candidate interface com.shop.repository.ItemRepository; If you want this repository to be a JDBC repository, consider annotating your entities with one of these annotations: org.springframework.data.relational.core.mapping.Table.
2024-03-24T20:26:13.800+09:00  INFO 2864 --- [    Test worker] .RepositoryConfigurationExtensionSupport : Spring Data JDBC - Could not safely identify store assignment for repository candidate interface com.shop.repository.MemberRepository; If you want this repository to be a JDBC repository, consider annotating your entities with one of these annotations: org.springframework.data.relational.core.mapping.Table.
2024-03-24T20:26:13.802+09:00  INFO 2864 --- [    Test worker] .s.d.r.c.RepositoryConfigurationDelegate : Finished Spring Data repository scanning in 45 ms. Found 0 JDBC repository interfaces.
2024-03-24T20:26:13.819+09:00  INFO 2864 --- [    Test worker] .s.d.r.c.RepositoryConfigurationDelegate : Multiple Spring Data modules found, entering strict repository configuration mode
2024-03-24T20:26:13.821+09:00  INFO 2864 --- [    Test worker] .s.d.r.c.RepositoryConfigurationDelegate : Bootstrapping Spring Data JPA repositories in DEFAULT mode.
2024-03-24T20:26:13.868+09:00  INFO 2864 --- [    Test worker] .s.d.r.c.RepositoryConfigurationDelegate : Finished Spring Data repository scanning in 40 ms. Found 2 JPA repository interfaces.
2024-03-24T20:26:14.650+09:00  INFO 2864 --- [    Test worker] o.hibernate.jpa.internal.util.LogHelper  : HHH000204: Processing PersistenceUnitInfo [name: default]
2024-03-24T20:26:14.788+09:00  INFO 2864 --- [    Test worker] org.hibernate.Version                    : HHH000412: Hibernate ORM core version 6.2.13.Final
2024-03-24T20:26:14.795+09:00  INFO 2864 --- [    Test worker] org.hibernate.cfg.Environment            : HHH000406: Using bytecode reflection optimizer
2024-03-24T20:26:15.406+09:00  INFO 2864 --- [    Test worker] o.s.o.j.p.SpringPersistenceUnitInfo      : No LoadTimeWeaver setup: ignoring JPA class transformer
2024-03-24T20:26:15.450+09:00  INFO 2864 --- [    Test worker] com.zaxxer.hikari.HikariDataSource       : HikariPool-1 - Starting...
2024-03-24T20:26:15.593+09:00  INFO 2864 --- [    Test worker] com.zaxxer.hikari.pool.HikariPool        : HikariPool-1 - Added connection conn0: url=jdbc:h2:tcp://localhost/~/test user=SA
2024-03-24T20:26:15.596+09:00  INFO 2864 --- [    Test worker] com.zaxxer.hikari.HikariDataSource       : HikariPool-1 - Start completed.
2024-03-24T20:26:15.636+09:00  WARN 2864 --- [    Test worker] org.hibernate.orm.deprecation            : HHH90000025: H2Dialect does not need to be specified explicitly using 'hibernate.dialect' (remove the property setting and it will be selected by default)
2024-03-24T20:26:16.914+09:00  INFO 2864 --- [    Test worker] o.h.e.t.j.p.i.JtaPlatformInitiator       : HHH000489: No JTA platform available (set 'hibernate.transaction.jta.platform' to enable JTA platform integration)
2024-03-24T20:26:16.971+09:00  INFO 2864 --- [    Test worker] j.LocalContainerEntityManagerFactoryBean : Initialized JPA EntityManagerFactory for persistence unit 'default'
2024-03-24T20:26:17.650+09:00  WARN 2864 --- [    Test worker] JpaBaseConfiguration$JpaWebConfiguration : spring.jpa.open-in-view is enabled by default. Therefore, database queries may be performed during view rendering. Explicitly configure spring.jpa.open-in-view to disable this warning
2024-03-24T20:26:17.700+09:00  WARN 2864 --- [    Test worker] .s.s.UserDetailsServiceAutoConfiguration : 

Using generated security password: 735a248a-a844-46d1-88cd-7196e67dbf7f

This generated password is for development use only. Your security configuration must be updated before running your application in production.

2024-03-24T20:26:17.932+09:00  INFO 2864 --- [    Test worker] o.s.s.web.DefaultSecurityFilterChain     : Will secure any request with [org.springframework.security.web.session.DisableEncodeUrlFilter@4b37d1a4, org.springframework.security.web.context.request.async.WebAsyncManagerIntegrationFilter@34114276, org.springframework.security.web.context.SecurityContextHolderFilter@71689ee2, org.springframework.security.web.header.HeaderWriterFilter@1d4c6e32, org.springframework.security.web.csrf.CsrfFilter@52667676, org.springframework.security.web.authentication.logout.LogoutFilter@32153bbe, org.springframework.security.web.savedrequest.RequestCacheAwareFilter@23dda7a3, org.springframework.security.web.servletapi.SecurityContextHolderAwareRequestFilter@3dbb7bb, org.springframework.security.web.authentication.AnonymousAuthenticationFilter@73c6ae15, org.springframework.security.web.access.ExceptionTranslationFilter@1f602930]
2024-03-24T20:26:18.815+09:00  INFO 2864 --- [    Test worker] o.s.d.j.r.query.QueryEnhancerFactory     : Hibernate is in classpath; If applicable, HQL parser will be used.
2024-03-24T20:26:20.345+09:00  INFO 2864 --- [    Test worker] com.shop.service.MemberServiceTest       : Started MemberServiceTest in 8.069 seconds (process running for 9.743)
]]></system-out>
  <system-err><![CDATA[]]></system-err>
</testsuite>
